0 info it worked if it ends with ok
1 verbose cli [ '/Users/brian/.nvm/versions/node/v5.2.0/bin/node',
1 verbose cli   '/Users/brian/.nvm/versions/node/v5.2.0/bin/npm',
1 verbose cli   'run',
1 verbose cli   'watch' ]
2 info using npm@3.3.12
3 info using node@v5.2.0
4 verbose run-script [ 'prewatch', 'watch', 'postwatch' ]
5 info lifecycle koa-node@1.0.0~prewatch: koa-node@1.0.0
6 silly lifecycle koa-node@1.0.0~prewatch: no script for prewatch, continuing
7 info lifecycle koa-node@1.0.0~watch: koa-node@1.0.0
8 verbose lifecycle koa-node@1.0.0~watch: unsafe-perm in lifecycle true
9 verbose lifecycle koa-node@1.0.0~watch: PATH: /Users/brian/.nvm/versions/node/v5.2.0/lib/node_modules/npm/bin/node-gyp-bin:/Users/brian/Documents/code/personal/koa-node/node_modules/.bin:/Users/brian/.nvm/versions/node/v5.2.0/bin:/usr/local/bin:/usr/bin:/bin:/usr/sbin:/sbin
10 verbose lifecycle koa-node@1.0.0~watch: CWD: /Users/brian/Documents/code/personal/koa-node
11 silly lifecycle koa-node@1.0.0~watch: Args: [ '-c', '.bin/nodemon index.js' ]
12 info lifecycle koa-node@1.0.0~watch: Failed to exec watch script
13 verbose stack Error: koa-node@1.0.0 watch: `.bin/nodemon index.js`
13 verbose stack spawn ENOENT
13 verbose stack     at ChildProcess.<anonymous> (/Users/brian/.nvm/versions/node/v5.2.0/lib/node_modules/npm/lib/utils/spawn.js:17:16)
13 verbose stack     at emitTwo (events.js:88:13)
13 verbose stack     at ChildProcess.emit (events.js:173:7)
13 verbose stack     at maybeClose (internal/child_process.js:819:16)
13 verbose stack     at Process.ChildProcess._handle.onexit (internal/child_process.js:212:5)
14 verbose pkgid koa-node@1.0.0
15 verbose cwd /Users/brian/Documents/code/personal/koa-node
16 error Darwin 16.3.0
17 error argv "/Users/brian/.nvm/versions/node/v5.2.0/bin/node" "/Users/brian/.nvm/versions/node/v5.2.0/bin/npm" "run" "watch"
18 error node v5.2.0
19 error npm  v3.3.12
20 error file sh
21 error code ELIFECYCLE
22 error errno ENOENT
23 error syscall spawn
24 error koa-node@1.0.0 watch: `.bin/nodemon index.js`
24 error spawn ENOENT
25 error Failed at the koa-node@1.0.0 watch script '.bin/nodemon index.js'.
25 error Make sure you have the latest version of node.js and npm installed.
25 error If you do, this is most likely a problem with the koa-node package,
25 error not with npm itself.
25 error Tell the author that this fails on your system:
25 error     .bin/nodemon index.js
25 error You can get their info via:
25 error     npm owner ls koa-node
25 error There is likely additional logging output above.
26 verbose exit [ 1, true ]
